# JRE version: Java(TM) SE Runtime Environment (8.0_112-b15) (build 1.8.0_112-b15)
# Java VM: Java HotSpot(TM) 64-Bit Server VM (25.112-b15 mixed mode windows-amd64 compressed oops)
Heap:
 PSYoungGen      total 133632K, used 121856K [0x00000000e0000000, 0x00000000ef580000, 0x0000000100000000)
  eden space 121856K, 100% used [0x00000000e0000000,0x00000000e7700000,0x00000000e7700000)
  from space 11776K, 0% used [0x00000000e7700000,0x00000000e7700000,0x00000000e8280000)
  to   space 11776K, 36% used [0x00000000eea00000,0x00000000eee38030,0x00000000ef580000)
 ParOldGen       total 117760K, used 16545K [0x00000000a0000000, 0x00000000a7300000, 0x00000000e0000000)
  object space 117760K, 14% used [0x00000000a0000000,0x00000000a10287b0,0x00000000a7300000)
 Metaspace       used 43527K, capacity 45068K, committed 45312K, reserved 1087488K
  class space    used 6035K, capacity 6396K, committed 6400K, reserved 1048576K
GC Heap History (10 events):
Event: 9.039 GC heap after
Heap after GC invocations=5 (full 1):
 PSYoungGen      total 76288K, used 0K [0x00000000e0000000, 0x00000000e9500000, 0x0000000100000000)
  eden space 65536K, 0% used [0x00000000e0000000,0x00000000e0000000,0x00000000e4000000)
  from space 10752K, 0% used [0x00000000e4a80000,0x00000000e4a80000,0x00000000e5500000)
  to   space 10752K, 0% used [0x00000000e4000000,0x00000000e4000000,0x00000000e4a80000)
 ParOldGen       total 82944K, used 7456K [0x00000000a0000000, 0x00000000a5100000, 0x00000000e0000000)
  object space 82944K, 8% used [0x00000000a0000000,0x00000000a07482d0,0x00000000a5100000)
 Metaspace       used 20540K, capacity 21258K, committed 21296K, reserved 1067008K
  class space    used 2967K, capacity 3191K, committed 3200K, reserved 1048576K
}
Event: 10.547 GC heap before
{Heap before GC invocations=6 (full 1):
 PSYoungGen      total 76288K, used 65536K [0x00000000e0000000, 0x00000000e9500000, 0x0000000100000000)
  eden space 65536K, 100% used [0x00000000e0000000,0x00000000e4000000,0x00000000e4000000)
  from space 10752K, 0% used [0x00000000e4a80000,0x00000000e4a80000,0x00000000e5500000)
  to   space 10752K, 0% used [0x00000000e4000000,0x00000000e4000000,0x00000000e4a80000)
 ParOldGen       total 82944K, used 7456K [0x00000000a0000000, 0x00000000a5100000, 0x00000000e0000000)
  object space 82944K, 8% used [0x00000000a0000000,0x00000000a07482d0,0x00000000a5100000)
 Metaspace       used 28209K, capacity 28946K, committed 29184K, reserved 1075200K
  class space    used 4002K, capacity 4235K, committed 4352K, reserved 1048576K
Event: 10.565 GC heap after
Heap after GC invocations=6 (full 1):
 PSYoungGen      total 76288K, used 8373K [0x00000000e0000000, 0x00000000e8e80000, 0x0000000100000000)
  eden space 65536K, 0% used [0x00000000e0000000,0x00000000e0000000,0x00000000e4000000)
  from space 10752K, 77% used [0x00000000e4000000,0x00000000e482d420,0x00000000e4a80000)
  to   space 12288K, 0% used [0x00000000e8280000,0x00000000e8280000,0x00000000e8e80000)
 ParOldGen       total 82944K, used 7464K [0x00000000a0000000, 0x00000000a5100000, 0x00000000e0000000)
  object space 82944K, 8% used [0x00000000a0000000,0x00000000a074a2d0,0x00000000a5100000)
 Metaspace       used 28209K, capacity 28946K, committed 29184K, reserved 1075200K
  class space    used 4002K, capacity 4235K, committed 4352K, reserved 1048576K
}
Event: 12.354 GC heap before
{Heap before GC invocations=7 (full 1):
 PSYoungGen      total 76288K, used 73909K [0x00000000e0000000, 0x00000000e8e80000, 0x0000000100000000)
  eden space 65536K, 100% used [0x00000000e0000000,0x00000000e4000000,0x00000000e4000000)
  from space 10752K, 77% used [0x00000000e4000000,0x00000000e482d420,0x00000000e4a80000)
  to   space 12288K, 0% used [0x00000000e8280000,0x00000000e8280000,0x00000000e8e80000)
 ParOldGen       total 82944K, used 7464K [0x00000000a0000000, 0x00000000a5100000, 0x00000000e0000000)
  object space 82944K, 8% used [0x00000000a0000000,0x00000000a074a2d0,0x00000000a5100000)
 Metaspace       used 32273K, capacity 33290K, committed 33536K, reserved 1077248K
  class space    used 4492K, capacity 4762K, committed 4864K, reserved 1048576K
Event: 12.438 GC heap after
Heap after GC invocations=7 (full 1):
 PSYoungGen      total 133632K, used 8460K [0x00000000e0000000, 0x00000000e8e00000, 0x0000000100000000)
  eden space 121856K, 0% used [0x00000000e0000000,0x00000000e0000000,0x00000000e7700000)
  from space 11776K, 71% used [0x00000000e8280000,0x00000000e8ac3068,0x00000000e8e00000)
  to   space 11776K, 0% used [0x00000000e7700000,0x00000000e7700000,0x00000000e8280000)
 ParOldGen       total 82944K, used 7472K [0x00000000a0000000, 0x00000000a5100000, 0x00000000e0000000)
  object space 82944K, 9% used [0x00000000a0000000,0x00000000a074c2d0,0x00000000a5100000)
 Metaspace       used 32273K, capacity 33290K, committed 33536K, reserved 1077248K
  class space    used 4492K, capacity 4762K, committed 4864K, reserved 1048576K
}
Event: 13.315 GC heap before
{Heap before GC invocations=8 (full 1):
 PSYoungGen      total 133632K, used 47399K [0x00000000e0000000, 0x00000000e8e00000, 0x0000000100000000)
  eden space 121856K, 31% used [0x00000000e0000000,0x00000000e2606ba0,0x00000000e7700000)
  from space 11776K, 71% used [0x00000000e8280000,0x00000000e8ac3068,0x00000000e8e00000)
  to   space 11776K, 0% used [0x00000000e7700000,0x00000000e7700000,0x00000000e8280000)
 ParOldGen       total 82944K, used 7472K [0x00000000a0000000, 0x00000000a5100000, 0x00000000e0000000)
  object space 82944K, 9% used [0x00000000a0000000,0x00000000a074c2d0,0x00000000a5100000)
 Metaspace       used 34362K, capacity 35426K, committed 35496K, reserved 1079296K
  class space    used 4804K, capacity 5104K, committed 5120K, reserved 1048576K
Event: 13.374 GC heap after
Heap after GC invocations=8 (full 1):
 PSYoungGen      total 133632K, used 9546K [0x00000000e0000000, 0x00000000ef580000, 0x0000000100000000)
  eden space 121856K, 0% used [0x00000000e0000000,0x00000000e0000000,0x00000000e7700000)
  from space 11776K, 81% used [0x00000000e7700000,0x00000000e8052bf8,0x00000000e8280000)
  to   space 11776K, 0% used [0x00000000eea00000,0x00000000eea00000,0x00000000ef580000)
 ParOldGen       total 82944K, used 7480K [0x00000000a0000000, 0x00000000a5100000, 0x00000000e0000000)
  object space 82944K, 9% used [0x00000000a0000000,0x00000000a074e2d0,0x00000000a5100000)
 Metaspace       used 34362K, capacity 35426K, committed 35496K, reserved 1079296K
  class space    used 4804K, capacity 5104K, committed 5120K, reserved 1048576K
}
Event: 13.374 GC heap before
{Heap before GC invocations=9 (full 2):
 PSYoungGen      total 133632K, used 9546K [0x00000000e0000000, 0x00000000ef580000, 0x0000000100000000)
  eden space 121856K, 0% used [0x00000000e0000000,0x00000000e0000000,0x00000000e7700000)
  from space 11776K, 81% used [0x00000000e7700000,0x00000000e8052bf8,0x00000000e8280000)
  to   space 11776K, 0% used [0x00000000eea00000,0x00000000eea00000,0x00000000ef580000)
 ParOldGen       total 82944K, used 7480K [0x00000000a0000000, 0x00000000a5100000, 0x00000000e0000000)
  object space 82944K, 9% used [0x00000000a0000000,0x00000000a074e2d0,0x00000000a5100000)
 Metaspace       used 34362K, capacity 35426K, committed 35496K, reserved 1079296K
  class space    used 4804K, capacity 5104K, committed 5120K, reserved 1048576K
Event: 13.557 GC heap after
Heap after GC invocations=9 (full 2):
 PSYoungGen      total 133632K, used 0K [0x00000000e0000000, 0x00000000ef580000, 0x0000000100000000)
  eden space 121856K, 0% used [0x00000000e0000000,0x00000000e0000000,0x00000000e7700000)
  from space 11776K, 0% used [0x00000000e7700000,0x00000000e7700000,0x00000000e8280000)
  to   space 11776K, 0% used [0x00000000eea00000,0x00000000eea00000,0x00000000ef580000)
 ParOldGen       total 117760K, used 16537K [0x00000000a0000000, 0x00000000a7300000, 0x00000000e0000000)
  object space 117760K, 14% used [0x00000000a0000000,0x00000000a10267b0,0x00000000a7300000)
 Metaspace       used 34362K, capacity 35426K, committed 35496K, reserved 1079296K
  class space    used 4804K, capacity 5104K, committed 5120K, reserved 1048576K
}
Event: 15.873 GC heap before
{Heap before GC invocations=10 (full 2):
 PSYoungGen      total 133632K, used 121856K [0x00000000e0000000, 0x00000000ef580000, 0x0000000100000000)
  eden space 121856K, 100% used [0x00000000e0000000,0x00000000e7700000,0x00000000e7700000)
  from space 11776K, 0% used [0x00000000e7700000,0x00000000e7700000,0x00000000e8280000)
  to   space 11776K, 0% used [0x00000000eea00000,0x00000000eea00000,0x00000000ef580000)
 ParOldGen       total 117760K, used 16537K [0x00000000a0000000, 0x00000000a7300000, 0x00000000e0000000)
  object space 117760K, 14% used [0x00000000a0000000,0x00000000a10267b0,0x00000000a7300000)
 Metaspace       used 43527K, capacity 45068K, committed 45312K, reserved 1087488K
  class space    used 6035K, capacity 6396K, committed 6400K, reserved 1048576K

